2025-08-18T02:50:16: [CTRL] servicesController loaded ✅
2025-08-18T02:50:16: INTERNAL_NOTIFY_URL= http://localhost:5001/api/inbound/notify
2025-08-18T02:50:16: INTERNAL_NOTIFY_SECRET len= 24
2025-08-18T02:50:16: [CTRL] servicesController loaded ✅
2025-08-18T02:50:16: INTERNAL_NOTIFY_URL= http://localhost:5001/api/inbound/notify
2025-08-18T02:50:16: INTERNAL_NOTIFY_SECRET len= 24
2025-08-18T02:50:17: [CTRL] servicesController loaded ✅
2025-08-18T02:50:17: INTERNAL_NOTIFY_URL= http://localhost:5001/api/inbound/notify
2025-08-18T02:50:17: INTERNAL_NOTIFY_SECRET len= 24
2025-08-18T02:50:17: [CTRL] servicesController loaded ✅
2025-08-18T02:50:17: INTERNAL_NOTIFY_URL= http://localhost:5001/api/inbound/notify
2025-08-18T02:50:17: INTERNAL_NOTIFY_SECRET len= 24
2025-08-18T02:50:17: [CTRL] servicesController loaded ✅
2025-08-18T02:50:17: INTERNAL_NOTIFY_URL= http://localhost:5001/api/inbound/notify
2025-08-18T02:50:17: INTERNAL_NOTIFY_SECRET len= 24
2025-08-18T02:50:17: [CTRL] servicesController loaded ✅
2025-08-18T02:50:17: INTERNAL_NOTIFY_URL= http://localhost:5001/api/inbound/notify
2025-08-18T02:50:17: INTERNAL_NOTIFY_SECRET len= 24
2025-08-18T02:50:17: [CTRL] servicesController loaded ✅
2025-08-18T02:50:17: INTERNAL_NOTIFY_URL= http://localhost:5001/api/inbound/notify
2025-08-18T02:50:17: INTERNAL_NOTIFY_SECRET len= 24
2025-08-18T02:50:18: [CTRL] servicesController loaded ✅
2025-08-18T02:50:18: INTERNAL_NOTIFY_URL= http://localhost:5001/api/inbound/notify
2025-08-18T02:50:18: INTERNAL_NOTIFY_SECRET len= 24
2025-08-18T02:50:18: [CTRL] servicesController loaded ✅
2025-08-18T02:50:18: INTERNAL_NOTIFY_URL= http://localhost:5001/api/inbound/notify
2025-08-18T02:50:18: INTERNAL_NOTIFY_SECRET len= 24
2025-08-18T02:50:18: [CTRL] servicesController loaded ✅
2025-08-18T02:50:18: INTERNAL_NOTIFY_URL= http://localhost:5001/api/inbound/notify
2025-08-18T02:50:18: INTERNAL_NOTIFY_SECRET len= 24
2025-08-18T02:50:18: [CTRL] servicesController loaded ✅
2025-08-18T02:50:18: INTERNAL_NOTIFY_URL= http://localhost:5001/api/inbound/notify
2025-08-18T02:50:18: INTERNAL_NOTIFY_SECRET len= 24
2025-08-18T02:50:18: [CTRL] servicesController loaded ✅
2025-08-18T02:50:19: INTERNAL_NOTIFY_URL= http://localhost:5001/api/inbound/notify
2025-08-18T02:50:19: INTERNAL_NOTIFY_SECRET len= 24
2025-08-18T02:50:19: [CTRL] servicesController loaded ✅
2025-08-18T02:50:19: INTERNAL_NOTIFY_URL= http://localhost:5001/api/inbound/notify
2025-08-18T02:50:19: INTERNAL_NOTIFY_SECRET len= 24
2025-08-18T02:50:19: [CTRL] servicesController loaded ✅
2025-08-18T02:50:19: INTERNAL_NOTIFY_URL= http://localhost:5001/api/inbound/notify
2025-08-18T02:50:19: INTERNAL_NOTIFY_SECRET len= 24
2025-08-18T02:50:19: [CTRL] servicesController loaded ✅
2025-08-18T02:50:19: INTERNAL_NOTIFY_URL= http://localhost:5001/api/inbound/notify
2025-08-18T02:50:19: INTERNAL_NOTIFY_SECRET len= 24
2025-08-18T02:50:19: [CTRL] servicesController loaded ✅
2025-08-18T02:50:19: INTERNAL_NOTIFY_URL= http://localhost:5001/api/inbound/notify
2025-08-18T02:50:19: INTERNAL_NOTIFY_SECRET len= 24
2025-08-18T02:55:22: [CTRL] servicesController loaded ✅
2025-08-18T02:55:22: INTERNAL_NOTIFY_URL= http://localhost:5001/api/inbound/notify
2025-08-18T02:55:22: INTERNAL_NOTIFY_SECRET len= 24
2025-08-18T02:55:22: [CTRL] servicesController loaded ✅
2025-08-18T02:55:22: INTERNAL_NOTIFY_URL= http://localhost:5001/api/inbound/notify
2025-08-18T02:55:22: INTERNAL_NOTIFY_SECRET len= 24
2025-08-18T02:55:22: [CTRL] servicesController loaded ✅
2025-08-18T02:55:22: INTERNAL_NOTIFY_URL= http://localhost:5001/api/inbound/notify
2025-08-18T02:55:22: INTERNAL_NOTIFY_SECRET len= 24
2025-08-18T02:55:22: [CTRL] servicesController loaded ✅
2025-08-18T02:55:23: INTERNAL_NOTIFY_URL= http://localhost:5001/api/inbound/notify
2025-08-18T02:55:23: INTERNAL_NOTIFY_SECRET len= 24
2025-08-18T02:55:23: [CTRL] servicesController loaded ✅
2025-08-18T02:55:23: INTERNAL_NOTIFY_URL= http://localhost:5001/api/inbound/notify
2025-08-18T02:55:23: INTERNAL_NOTIFY_SECRET len= 24
2025-08-18T02:55:23: [CTRL] servicesController loaded ✅
2025-08-18T02:55:23: INTERNAL_NOTIFY_URL= http://localhost:5001/api/inbound/notify
2025-08-18T02:55:23: INTERNAL_NOTIFY_SECRET len= 24
2025-08-18T02:55:23: [CTRL] servicesController loaded ✅
2025-08-18T02:55:23: INTERNAL_NOTIFY_URL= http://localhost:5001/api/inbound/notify
2025-08-18T02:55:23: INTERNAL_NOTIFY_SECRET len= 24
2025-08-18T02:55:23: [CTRL] servicesController loaded ✅
2025-08-18T02:55:23: INTERNAL_NOTIFY_URL= http://localhost:5001/api/inbound/notify
2025-08-18T02:55:23: INTERNAL_NOTIFY_SECRET len= 24
2025-08-18T02:55:24: [CTRL] servicesController loaded ✅
2025-08-18T02:55:24: INTERNAL_NOTIFY_URL= http://localhost:5001/api/inbound/notify
2025-08-18T02:55:24: INTERNAL_NOTIFY_SECRET len= 24
2025-08-18T02:55:24: [CTRL] servicesController loaded ✅
2025-08-18T02:55:24: INTERNAL_NOTIFY_URL= http://localhost:5001/api/inbound/notify
2025-08-18T02:55:24: INTERNAL_NOTIFY_SECRET len= 24
2025-08-18T02:55:24: [CTRL] servicesController loaded ✅
2025-08-18T02:55:24: INTERNAL_NOTIFY_URL= http://localhost:5001/api/inbound/notify
2025-08-18T02:55:24: INTERNAL_NOTIFY_SECRET len= 24
2025-08-18T02:55:24: [CTRL] servicesController loaded ✅
2025-08-18T02:55:24: INTERNAL_NOTIFY_URL= http://localhost:5001/api/inbound/notify
2025-08-18T02:55:24: INTERNAL_NOTIFY_SECRET len= 24
2025-08-18T02:55:24: [CTRL] servicesController loaded ✅
2025-08-18T02:55:24: INTERNAL_NOTIFY_URL= http://localhost:5001/api/inbound/notify
2025-08-18T02:55:24: INTERNAL_NOTIFY_SECRET len= 24
2025-08-18T02:55:25: [CTRL] servicesController loaded ✅
2025-08-18T02:55:25: INTERNAL_NOTIFY_URL= http://localhost:5001/api/inbound/notify
2025-08-18T02:55:25: INTERNAL_NOTIFY_SECRET len= 24
2025-08-18T02:55:25: [CTRL] servicesController loaded ✅
2025-08-18T02:55:25: INTERNAL_NOTIFY_URL= http://localhost:5001/api/inbound/notify
2025-08-18T02:55:25: INTERNAL_NOTIFY_SECRET len= 24
2025-08-18T02:55:25: [CTRL] servicesController loaded ✅
2025-08-18T02:55:25: INTERNAL_NOTIFY_URL= http://localhost:5001/api/inbound/notify
2025-08-18T02:55:25: INTERNAL_NOTIFY_SECRET len= 24
2025-08-18T02:56:56: [CTRL] servicesController loaded ✅
2025-08-18T02:56:56: INTERNAL_NOTIFY_URL= http://localhost:5001/api/inbound/notify
2025-08-18T02:56:56: INTERNAL_NOTIFY_SECRET len= 24
2025-08-18T02:56:56: ✅ Serveur en cours d'exécution : http://localhost:5001
2025-08-18T15:27:17: [CTRL] servicesController loaded ✅
2025-08-18T15:27:17: INTERNAL_NOTIFY_URL= http://localhost:5001/api/inbound/notify
2025-08-18T15:27:17: INTERNAL_NOTIFY_SECRET len= 24
2025-08-18T15:27:17: ✅ Serveur en cours d'exécution : http://localhost:5001
2025-08-18T15:28:35: [CTRL Why] GET /why-choose-us langue: fr
2025-08-22T13:50:31: [CTRL] servicesController loaded ✅
2025-08-22T13:50:32: INTERNAL_NOTIFY_URL= http://localhost:5001/api/inbound/notify
2025-08-22T13:50:32: INTERNAL_NOTIFY_SECRET len= 24
2025-08-22T13:50:32: ✅ Serveur en cours d'exécution : http://localhost:5001
2025-08-23T01:28:16: [CTRL] servicesController loaded ✅
2025-08-23T01:28:16: [32minfo[39m: INTERNAL_NOTIFY_URL {"timestamp":"2025-08-23T05:28:16.464Z","url":"http://localhost:5001/api/inbound/notify"}
2025-08-23T01:28:16: [32minfo[39m: INTERNAL_NOTIFY_SECRET len {"len":24,"timestamp":"2025-08-23T05:28:16.466Z"}
2025-08-23T01:28:16: [32minfo[39m: ✅ Serveur démarré {"env":"production","timestamp":"2025-08-23T05:28:16.467Z","url":"http://localhost:5001"}
2025-08-29T14:38:45: [CTRL] servicesController loaded ✅
2025-08-29T14:38:46: [32minfo[39m: INTERNAL_NOTIFY_URL {"timestamp":"2025-08-29T18:38:46.016Z","url":"http://localhost:5001/api/inbound/notify"}
2025-08-29T14:38:46: [32minfo[39m: INTERNAL_NOTIFY_SECRET len {"len":24,"timestamp":"2025-08-29T18:38:46.018Z"}
2025-08-29T14:38:46: [32minfo[39m: ✅ Serveur démarré {"env":"production","timestamp":"2025-08-29T18:38:46.020Z","url":"http://localhost:5001"}
