2025-08-18T02:50:16: Error: listen EADDRINUSE: address already in use :::5001
2025-08-18T02:50:16:     at Server.setupListenHandle [as _listen2] (node:net:1897:16)
2025-08-18T02:50:16:     at listenInCluster (node:net:1945:12)
2025-08-18T02:50:16:     at Server.listen (node:net:2037:7)
2025-08-18T02:50:16:     at file:///Users/mac/Desktop/HS/cms_backend/server.js:84:8
2025-08-18T02:50:16:     at ModuleJob.run (node:internal/modules/esm/module_job:222:25)
2025-08-18T02:50:16:     at async ModuleLoader.import (node:internal/modules/esm/loader:323:24) {
2025-08-18T02:50:16:   code: 'EADDRINUSE',
2025-08-18T02:50:16:   errno: -48,
2025-08-18T02:50:16:   syscall: 'listen',
2025-08-18T02:50:16:   address: '::',
2025-08-18T02:50:16:   port: 5001
2025-08-18T02:50:16: }
2025-08-18T02:50:16: Error: listen EADDRINUSE: address already in use :::5001
2025-08-18T02:50:16:     at Server.setupListenHandle [as _listen2] (node:net:1897:16)
2025-08-18T02:50:16:     at listenInCluster (node:net:1945:12)
2025-08-18T02:50:16:     at Server.listen (node:net:2037:7)
2025-08-18T02:50:16:     at file:///Users/mac/Desktop/HS/cms_backend/server.js:84:8
2025-08-18T02:50:16:     at ModuleJob.run (node:internal/modules/esm/module_job:222:25)
2025-08-18T02:50:16:     at async ModuleLoader.import (node:internal/modules/esm/loader:323:24) {
2025-08-18T02:50:16:   code: 'EADDRINUSE',
2025-08-18T02:50:16:   errno: -48,
2025-08-18T02:50:16:   syscall: 'listen',
2025-08-18T02:50:16:   address: '::',
2025-08-18T02:50:16:   port: 5001
2025-08-18T02:50:16: }
2025-08-18T02:50:17: Error: listen EADDRINUSE: address already in use :::5001
2025-08-18T02:50:17:     at Server.setupListenHandle [as _listen2] (node:net:1897:16)
2025-08-18T02:50:17:     at listenInCluster (node:net:1945:12)
2025-08-18T02:50:17:     at Server.listen (node:net:2037:7)
2025-08-18T02:50:17:     at file:///Users/mac/Desktop/HS/cms_backend/server.js:84:8
2025-08-18T02:50:17:     at ModuleJob.run (node:internal/modules/esm/module_job:222:25)
2025-08-18T02:50:17:     at async ModuleLoader.import (node:internal/modules/esm/loader:323:24) {
2025-08-18T02:50:17:   code: 'EADDRINUSE',
2025-08-18T02:50:17:   errno: -48,
2025-08-18T02:50:17:   syscall: 'listen',
2025-08-18T02:50:17:   address: '::',
2025-08-18T02:50:17:   port: 5001
2025-08-18T02:50:17: }
2025-08-18T02:50:17: Error: listen EADDRINUSE: address already in use :::5001
2025-08-18T02:50:17:     at Server.setupListenHandle [as _listen2] (node:net:1897:16)
2025-08-18T02:50:17:     at listenInCluster (node:net:1945:12)
2025-08-18T02:50:17:     at Server.listen (node:net:2037:7)
2025-08-18T02:50:17:     at file:///Users/mac/Desktop/HS/cms_backend/server.js:84:8
2025-08-18T02:50:17:     at ModuleJob.run (node:internal/modules/esm/module_job:222:25)
2025-08-18T02:50:17:     at async ModuleLoader.import (node:internal/modules/esm/loader:323:24) {
2025-08-18T02:50:17:   code: 'EADDRINUSE',
2025-08-18T02:50:17:   errno: -48,
2025-08-18T02:50:17:   syscall: 'listen',
2025-08-18T02:50:17:   address: '::',
2025-08-18T02:50:17:   port: 5001
2025-08-18T02:50:17: }
2025-08-18T02:50:17: Error: listen EADDRINUSE: address already in use :::5001
2025-08-18T02:50:17:     at Server.setupListenHandle [as _listen2] (node:net:1897:16)
2025-08-18T02:50:17:     at listenInCluster (node:net:1945:12)
2025-08-18T02:50:17:     at Server.listen (node:net:2037:7)
2025-08-18T02:50:17:     at file:///Users/mac/Desktop/HS/cms_backend/server.js:84:8
2025-08-18T02:50:17:     at ModuleJob.run (node:internal/modules/esm/module_job:222:25)
2025-08-18T02:50:17:     at async ModuleLoader.import (node:internal/modules/esm/loader:323:24) {
2025-08-18T02:50:17:   code: 'EADDRINUSE',
2025-08-18T02:50:17:   errno: -48,
2025-08-18T02:50:17:   syscall: 'listen',
2025-08-18T02:50:17:   address: '::',
2025-08-18T02:50:17:   port: 5001
2025-08-18T02:50:17: }
2025-08-18T02:50:17: Error: listen EADDRINUSE: address already in use :::5001
2025-08-18T02:50:17:     at Server.setupListenHandle [as _listen2] (node:net:1897:16)
2025-08-18T02:50:17:     at listenInCluster (node:net:1945:12)
2025-08-18T02:50:17:     at Server.listen (node:net:2037:7)
2025-08-18T02:50:17:     at file:///Users/mac/Desktop/HS/cms_backend/server.js:84:8
2025-08-18T02:50:17:     at ModuleJob.run (node:internal/modules/esm/module_job:222:25)
2025-08-18T02:50:17:     at async ModuleLoader.import (node:internal/modules/esm/loader:323:24) {
2025-08-18T02:50:17:   code: 'EADDRINUSE',
2025-08-18T02:50:17:   errno: -48,
2025-08-18T02:50:17:   syscall: 'listen',
2025-08-18T02:50:17:   address: '::',
2025-08-18T02:50:17:   port: 5001
2025-08-18T02:50:17: }
2025-08-18T02:50:17: Error: listen EADDRINUSE: address already in use :::5001
2025-08-18T02:50:17:     at Server.setupListenHandle [as _listen2] (node:net:1897:16)
2025-08-18T02:50:17:     at listenInCluster (node:net:1945:12)
2025-08-18T02:50:17:     at Server.listen (node:net:2037:7)
2025-08-18T02:50:17:     at file:///Users/mac/Desktop/HS/cms_backend/server.js:84:8
2025-08-18T02:50:17:     at ModuleJob.run (node:internal/modules/esm/module_job:222:25)
2025-08-18T02:50:17:     at async ModuleLoader.import (node:internal/modules/esm/loader:323:24) {
2025-08-18T02:50:17:   code: 'EADDRINUSE',
2025-08-18T02:50:17:   errno: -48,
2025-08-18T02:50:17:   syscall: 'listen',
2025-08-18T02:50:17:   address: '::',
2025-08-18T02:50:17:   port: 5001
2025-08-18T02:50:17: }
2025-08-18T02:50:18: Error: listen EADDRINUSE: address already in use :::5001
2025-08-18T02:50:18:     at Server.setupListenHandle [as _listen2] (node:net:1897:16)
2025-08-18T02:50:18:     at listenInCluster (node:net:1945:12)
2025-08-18T02:50:18:     at Server.listen (node:net:2037:7)
2025-08-18T02:50:18:     at file:///Users/mac/Desktop/HS/cms_backend/server.js:84:8
2025-08-18T02:50:18:     at ModuleJob.run (node:internal/modules/esm/module_job:222:25)
2025-08-18T02:50:18:     at async ModuleLoader.import (node:internal/modules/esm/loader:323:24) {
2025-08-18T02:50:18:   code: 'EADDRINUSE',
2025-08-18T02:50:18:   errno: -48,
2025-08-18T02:50:18:   syscall: 'listen',
2025-08-18T02:50:18:   address: '::',
2025-08-18T02:50:18:   port: 5001
2025-08-18T02:50:18: }
2025-08-18T02:50:18: Error: listen EADDRINUSE: address already in use :::5001
2025-08-18T02:50:18:     at Server.setupListenHandle [as _listen2] (node:net:1897:16)
2025-08-18T02:50:18:     at listenInCluster (node:net:1945:12)
2025-08-18T02:50:18:     at Server.listen (node:net:2037:7)
2025-08-18T02:50:18:     at file:///Users/mac/Desktop/HS/cms_backend/server.js:84:8
2025-08-18T02:50:18:     at ModuleJob.run (node:internal/modules/esm/module_job:222:25)
2025-08-18T02:50:18:     at async ModuleLoader.import (node:internal/modules/esm/loader:323:24) {
2025-08-18T02:50:18:   code: 'EADDRINUSE',
2025-08-18T02:50:18:   errno: -48,
2025-08-18T02:50:18:   syscall: 'listen',
2025-08-18T02:50:18:   address: '::',
2025-08-18T02:50:18:   port: 5001
2025-08-18T02:50:18: }
2025-08-18T02:50:18: Error: listen EADDRINUSE: address already in use :::5001
2025-08-18T02:50:18:     at Server.setupListenHandle [as _listen2] (node:net:1897:16)
2025-08-18T02:50:18:     at listenInCluster (node:net:1945:12)
2025-08-18T02:50:18:     at Server.listen (node:net:2037:7)
2025-08-18T02:50:18:     at file:///Users/mac/Desktop/HS/cms_backend/server.js:84:8
2025-08-18T02:50:18:     at ModuleJob.run (node:internal/modules/esm/module_job:222:25)
2025-08-18T02:50:18:     at async ModuleLoader.import (node:internal/modules/esm/loader:323:24) {
2025-08-18T02:50:18:   code: 'EADDRINUSE',
2025-08-18T02:50:18:   errno: -48,
2025-08-18T02:50:18:   syscall: 'listen',
2025-08-18T02:50:18:   address: '::',
2025-08-18T02:50:18:   port: 5001
2025-08-18T02:50:18: }
2025-08-18T02:50:18: Error: listen EADDRINUSE: address already in use :::5001
2025-08-18T02:50:18:     at Server.setupListenHandle [as _listen2] (node:net:1897:16)
2025-08-18T02:50:18:     at listenInCluster (node:net:1945:12)
2025-08-18T02:50:18:     at Server.listen (node:net:2037:7)
2025-08-18T02:50:18:     at file:///Users/mac/Desktop/HS/cms_backend/server.js:84:8
2025-08-18T02:50:18:     at ModuleJob.run (node:internal/modules/esm/module_job:222:25)
2025-08-18T02:50:18:     at async ModuleLoader.import (node:internal/modules/esm/loader:323:24) {
2025-08-18T02:50:18:   code: 'EADDRINUSE',
2025-08-18T02:50:18:   errno: -48,
2025-08-18T02:50:18:   syscall: 'listen',
2025-08-18T02:50:18:   address: '::',
2025-08-18T02:50:18:   port: 5001
2025-08-18T02:50:18: }
2025-08-18T02:50:19: Error: listen EADDRINUSE: address already in use :::5001
2025-08-18T02:50:19:     at Server.setupListenHandle [as _listen2] (node:net:1897:16)
2025-08-18T02:50:19:     at listenInCluster (node:net:1945:12)
2025-08-18T02:50:19:     at Server.listen (node:net:2037:7)
2025-08-18T02:50:19:     at file:///Users/mac/Desktop/HS/cms_backend/server.js:84:8
2025-08-18T02:50:19:     at ModuleJob.run (node:internal/modules/esm/module_job:222:25)
2025-08-18T02:50:19:     at async ModuleLoader.import (node:internal/modules/esm/loader:323:24) {
2025-08-18T02:50:19:   code: 'EADDRINUSE',
2025-08-18T02:50:19:   errno: -48,
2025-08-18T02:50:19:   syscall: 'listen',
2025-08-18T02:50:19:   address: '::',
2025-08-18T02:50:19:   port: 5001
2025-08-18T02:50:19: }
2025-08-18T02:50:19: Error: listen EADDRINUSE: address already in use :::5001
2025-08-18T02:50:19:     at Server.setupListenHandle [as _listen2] (node:net:1897:16)
2025-08-18T02:50:19:     at listenInCluster (node:net:1945:12)
2025-08-18T02:50:19:     at Server.listen (node:net:2037:7)
2025-08-18T02:50:19:     at file:///Users/mac/Desktop/HS/cms_backend/server.js:84:8
2025-08-18T02:50:19:     at ModuleJob.run (node:internal/modules/esm/module_job:222:25)
2025-08-18T02:50:19:     at async ModuleLoader.import (node:internal/modules/esm/loader:323:24) {
2025-08-18T02:50:19:   code: 'EADDRINUSE',
2025-08-18T02:50:19:   errno: -48,
2025-08-18T02:50:19:   syscall: 'listen',
2025-08-18T02:50:19:   address: '::',
2025-08-18T02:50:19:   port: 5001
2025-08-18T02:50:19: }
2025-08-18T02:50:19: Error: listen EADDRINUSE: address already in use :::5001
2025-08-18T02:50:19:     at Server.setupListenHandle [as _listen2] (node:net:1897:16)
2025-08-18T02:50:19:     at listenInCluster (node:net:1945:12)
2025-08-18T02:50:19:     at Server.listen (node:net:2037:7)
2025-08-18T02:50:19:     at file:///Users/mac/Desktop/HS/cms_backend/server.js:84:8
2025-08-18T02:50:19:     at ModuleJob.run (node:internal/modules/esm/module_job:222:25)
2025-08-18T02:50:19:     at async ModuleLoader.import (node:internal/modules/esm/loader:323:24) {
2025-08-18T02:50:19:   code: 'EADDRINUSE',
2025-08-18T02:50:19:   errno: -48,
2025-08-18T02:50:19:   syscall: 'listen',
2025-08-18T02:50:19:   address: '::',
2025-08-18T02:50:19:   port: 5001
2025-08-18T02:50:19: }
2025-08-18T02:50:19: Error: listen EADDRINUSE: address already in use :::5001
2025-08-18T02:50:19:     at Server.setupListenHandle [as _listen2] (node:net:1897:16)
2025-08-18T02:50:19:     at listenInCluster (node:net:1945:12)
2025-08-18T02:50:19:     at Server.listen (node:net:2037:7)
2025-08-18T02:50:19:     at file:///Users/mac/Desktop/HS/cms_backend/server.js:84:8
2025-08-18T02:50:19:     at ModuleJob.run (node:internal/modules/esm/module_job:222:25)
2025-08-18T02:50:19:     at async ModuleLoader.import (node:internal/modules/esm/loader:323:24) {
2025-08-18T02:50:19:   code: 'EADDRINUSE',
2025-08-18T02:50:19:   errno: -48,
2025-08-18T02:50:19:   syscall: 'listen',
2025-08-18T02:50:19:   address: '::',
2025-08-18T02:50:19:   port: 5001
2025-08-18T02:50:19: }
2025-08-18T02:50:19: Error: listen EADDRINUSE: address already in use :::5001
2025-08-18T02:50:19:     at Server.setupListenHandle [as _listen2] (node:net:1897:16)
2025-08-18T02:50:19:     at listenInCluster (node:net:1945:12)
2025-08-18T02:50:19:     at Server.listen (node:net:2037:7)
2025-08-18T02:50:19:     at file:///Users/mac/Desktop/HS/cms_backend/server.js:84:8
2025-08-18T02:50:19:     at ModuleJob.run (node:internal/modules/esm/module_job:222:25)
2025-08-18T02:50:19:     at async ModuleLoader.import (node:internal/modules/esm/loader:323:24) {
2025-08-18T02:50:19:   code: 'EADDRINUSE',
2025-08-18T02:50:19:   errno: -48,
2025-08-18T02:50:19:   syscall: 'listen',
2025-08-18T02:50:19:   address: '::',
2025-08-18T02:50:19:   port: 5001
2025-08-18T02:50:19: }
2025-08-18T02:55:22: Error: listen EADDRINUSE: address already in use :::5001
2025-08-18T02:55:22:     at Server.setupListenHandle [as _listen2] (node:net:1897:16)
2025-08-18T02:55:22:     at listenInCluster (node:net:1945:12)
2025-08-18T02:55:22:     at Server.listen (node:net:2037:7)
2025-08-18T02:55:22:     at file:///Users/mac/Desktop/HS/cms_backend/server.js:84:8
2025-08-18T02:55:22:     at ModuleJob.run (node:internal/modules/esm/module_job:222:25)
2025-08-18T02:55:22:     at async ModuleLoader.import (node:internal/modules/esm/loader:323:24) {
2025-08-18T02:55:22:   code: 'EADDRINUSE',
2025-08-18T02:55:22:   errno: -48,
2025-08-18T02:55:22:   syscall: 'listen',
2025-08-18T02:55:22:   address: '::',
2025-08-18T02:55:22:   port: 5001
2025-08-18T02:55:22: }
2025-08-18T02:55:22: Error: listen EADDRINUSE: address already in use :::5001
2025-08-18T02:55:22:     at Server.setupListenHandle [as _listen2] (node:net:1897:16)
2025-08-18T02:55:22:     at listenInCluster (node:net:1945:12)
2025-08-18T02:55:22:     at Server.listen (node:net:2037:7)
2025-08-18T02:55:22:     at file:///Users/mac/Desktop/HS/cms_backend/server.js:84:8
2025-08-18T02:55:22:     at ModuleJob.run (node:internal/modules/esm/module_job:222:25)
2025-08-18T02:55:22:     at async ModuleLoader.import (node:internal/modules/esm/loader:323:24) {
2025-08-18T02:55:22:   code: 'EADDRINUSE',
2025-08-18T02:55:22:   errno: -48,
2025-08-18T02:55:22:   syscall: 'listen',
2025-08-18T02:55:22:   address: '::',
2025-08-18T02:55:22:   port: 5001
2025-08-18T02:55:22: }
2025-08-18T02:55:22: Error: listen EADDRINUSE: address already in use :::5001
2025-08-18T02:55:22:     at Server.setupListenHandle [as _listen2] (node:net:1897:16)
2025-08-18T02:55:22:     at listenInCluster (node:net:1945:12)
2025-08-18T02:55:22:     at Server.listen (node:net:2037:7)
2025-08-18T02:55:22:     at file:///Users/mac/Desktop/HS/cms_backend/server.js:84:8
2025-08-18T02:55:22:     at ModuleJob.run (node:internal/modules/esm/module_job:222:25)
2025-08-18T02:55:22:     at async ModuleLoader.import (node:internal/modules/esm/loader:323:24) {
2025-08-18T02:55:22:   code: 'EADDRINUSE',
2025-08-18T02:55:22:   errno: -48,
2025-08-18T02:55:22:   syscall: 'listen',
2025-08-18T02:55:22:   address: '::',
2025-08-18T02:55:22:   port: 5001
2025-08-18T02:55:22: }
2025-08-18T02:55:23: Error: listen EADDRINUSE: address already in use :::5001
2025-08-18T02:55:23:     at Server.setupListenHandle [as _listen2] (node:net:1897:16)
2025-08-18T02:55:23:     at listenInCluster (node:net:1945:12)
2025-08-18T02:55:23:     at Server.listen (node:net:2037:7)
2025-08-18T02:55:23:     at file:///Users/mac/Desktop/HS/cms_backend/server.js:84:8
2025-08-18T02:55:23:     at ModuleJob.run (node:internal/modules/esm/module_job:222:25)
2025-08-18T02:55:23:     at async ModuleLoader.import (node:internal/modules/esm/loader:323:24) {
2025-08-18T02:55:23:   code: 'EADDRINUSE',
2025-08-18T02:55:23:   errno: -48,
2025-08-18T02:55:23:   syscall: 'listen',
2025-08-18T02:55:23:   address: '::',
2025-08-18T02:55:23:   port: 5001
2025-08-18T02:55:23: }
2025-08-18T02:55:23: Error: listen EADDRINUSE: address already in use :::5001
2025-08-18T02:55:23:     at Server.setupListenHandle [as _listen2] (node:net:1897:16)
2025-08-18T02:55:23:     at listenInCluster (node:net:1945:12)
2025-08-18T02:55:23:     at Server.listen (node:net:2037:7)
2025-08-18T02:55:23:     at file:///Users/mac/Desktop/HS/cms_backend/server.js:84:8
2025-08-18T02:55:23:     at ModuleJob.run (node:internal/modules/esm/module_job:222:25)
2025-08-18T02:55:23:     at async ModuleLoader.import (node:internal/modules/esm/loader:323:24) {
2025-08-18T02:55:23:   code: 'EADDRINUSE',
2025-08-18T02:55:23:   errno: -48,
2025-08-18T02:55:23:   syscall: 'listen',
2025-08-18T02:55:23:   address: '::',
2025-08-18T02:55:23:   port: 5001
2025-08-18T02:55:23: }
2025-08-18T02:55:23: Error: listen EADDRINUSE: address already in use :::5001
2025-08-18T02:55:23:     at Server.setupListenHandle [as _listen2] (node:net:1897:16)
2025-08-18T02:55:23:     at listenInCluster (node:net:1945:12)
2025-08-18T02:55:23:     at Server.listen (node:net:2037:7)
2025-08-18T02:55:23:     at file:///Users/mac/Desktop/HS/cms_backend/server.js:84:8
2025-08-18T02:55:23:     at ModuleJob.run (node:internal/modules/esm/module_job:222:25)
2025-08-18T02:55:23:     at async ModuleLoader.import (node:internal/modules/esm/loader:323:24) {
2025-08-18T02:55:23:   code: 'EADDRINUSE',
2025-08-18T02:55:23:   errno: -48,
2025-08-18T02:55:23:   syscall: 'listen',
2025-08-18T02:55:23:   address: '::',
2025-08-18T02:55:23:   port: 5001
2025-08-18T02:55:23: }
2025-08-18T02:55:23: Error: listen EADDRINUSE: address already in use :::5001
2025-08-18T02:55:23:     at Server.setupListenHandle [as _listen2] (node:net:1897:16)
2025-08-18T02:55:23:     at listenInCluster (node:net:1945:12)
2025-08-18T02:55:23:     at Server.listen (node:net:2037:7)
2025-08-18T02:55:23:     at file:///Users/mac/Desktop/HS/cms_backend/server.js:84:8
2025-08-18T02:55:23:     at ModuleJob.run (node:internal/modules/esm/module_job:222:25)
2025-08-18T02:55:23:     at async ModuleLoader.import (node:internal/modules/esm/loader:323:24) {
2025-08-18T02:55:23:   code: 'EADDRINUSE',
2025-08-18T02:55:23:   errno: -48,
2025-08-18T02:55:23:   syscall: 'listen',
2025-08-18T02:55:23:   address: '::',
2025-08-18T02:55:23:   port: 5001
2025-08-18T02:55:23: }
2025-08-18T02:55:23: Error: listen EADDRINUSE: address already in use :::5001
2025-08-18T02:55:23:     at Server.setupListenHandle [as _listen2] (node:net:1897:16)
2025-08-18T02:55:23:     at listenInCluster (node:net:1945:12)
2025-08-18T02:55:23:     at Server.listen (node:net:2037:7)
2025-08-18T02:55:23:     at file:///Users/mac/Desktop/HS/cms_backend/server.js:84:8
2025-08-18T02:55:23:     at ModuleJob.run (node:internal/modules/esm/module_job:222:25)
2025-08-18T02:55:23:     at async ModuleLoader.import (node:internal/modules/esm/loader:323:24) {
2025-08-18T02:55:23:   code: 'EADDRINUSE',
2025-08-18T02:55:23:   errno: -48,
2025-08-18T02:55:23:   syscall: 'listen',
2025-08-18T02:55:23:   address: '::',
2025-08-18T02:55:23:   port: 5001
2025-08-18T02:55:23: }
2025-08-18T02:55:24: Error: listen EADDRINUSE: address already in use :::5001
2025-08-18T02:55:24:     at Server.setupListenHandle [as _listen2] (node:net:1897:16)
2025-08-18T02:55:24:     at listenInCluster (node:net:1945:12)
2025-08-18T02:55:24:     at Server.listen (node:net:2037:7)
2025-08-18T02:55:24:     at file:///Users/mac/Desktop/HS/cms_backend/server.js:84:8
2025-08-18T02:55:24:     at ModuleJob.run (node:internal/modules/esm/module_job:222:25)
2025-08-18T02:55:24:     at async ModuleLoader.import (node:internal/modules/esm/loader:323:24) {
2025-08-18T02:55:24:   code: 'EADDRINUSE',
2025-08-18T02:55:24:   errno: -48,
2025-08-18T02:55:24:   syscall: 'listen',
2025-08-18T02:55:24:   address: '::',
2025-08-18T02:55:24:   port: 5001
2025-08-18T02:55:24: }
2025-08-18T02:55:24: Error: listen EADDRINUSE: address already in use :::5001
2025-08-18T02:55:24:     at Server.setupListenHandle [as _listen2] (node:net:1897:16)
2025-08-18T02:55:24:     at listenInCluster (node:net:1945:12)
2025-08-18T02:55:24:     at Server.listen (node:net:2037:7)
2025-08-18T02:55:24:     at file:///Users/mac/Desktop/HS/cms_backend/server.js:84:8
2025-08-18T02:55:24:     at ModuleJob.run (node:internal/modules/esm/module_job:222:25)
2025-08-18T02:55:24:     at async ModuleLoader.import (node:internal/modules/esm/loader:323:24) {
2025-08-18T02:55:24:   code: 'EADDRINUSE',
2025-08-18T02:55:24:   errno: -48,
2025-08-18T02:55:24:   syscall: 'listen',
2025-08-18T02:55:24:   address: '::',
2025-08-18T02:55:24:   port: 5001
2025-08-18T02:55:24: }
2025-08-18T02:55:24: Error: listen EADDRINUSE: address already in use :::5001
2025-08-18T02:55:24:     at Server.setupListenHandle [as _listen2] (node:net:1897:16)
2025-08-18T02:55:24:     at listenInCluster (node:net:1945:12)
2025-08-18T02:55:24:     at Server.listen (node:net:2037:7)
2025-08-18T02:55:24:     at file:///Users/mac/Desktop/HS/cms_backend/server.js:84:8
2025-08-18T02:55:24:     at ModuleJob.run (node:internal/modules/esm/module_job:222:25)
2025-08-18T02:55:24:     at async ModuleLoader.import (node:internal/modules/esm/loader:323:24) {
2025-08-18T02:55:24:   code: 'EADDRINUSE',
2025-08-18T02:55:24:   errno: -48,
2025-08-18T02:55:24:   syscall: 'listen',
2025-08-18T02:55:24:   address: '::',
2025-08-18T02:55:24:   port: 5001
2025-08-18T02:55:24: }
2025-08-18T02:55:24: Error: listen EADDRINUSE: address already in use :::5001
2025-08-18T02:55:24:     at Server.setupListenHandle [as _listen2] (node:net:1897:16)
2025-08-18T02:55:24:     at listenInCluster (node:net:1945:12)
2025-08-18T02:55:24:     at Server.listen (node:net:2037:7)
2025-08-18T02:55:24:     at file:///Users/mac/Desktop/HS/cms_backend/server.js:84:8
2025-08-18T02:55:24:     at ModuleJob.run (node:internal/modules/esm/module_job:222:25)
2025-08-18T02:55:24:     at async ModuleLoader.import (node:internal/modules/esm/loader:323:24) {
2025-08-18T02:55:24:   code: 'EADDRINUSE',
2025-08-18T02:55:24:   errno: -48,
2025-08-18T02:55:24:   syscall: 'listen',
2025-08-18T02:55:24:   address: '::',
2025-08-18T02:55:24:   port: 5001
2025-08-18T02:55:24: }
2025-08-18T02:55:24: Error: listen EADDRINUSE: address already in use :::5001
2025-08-18T02:55:24:     at Server.setupListenHandle [as _listen2] (node:net:1897:16)
2025-08-18T02:55:24:     at listenInCluster (node:net:1945:12)
2025-08-18T02:55:24:     at Server.listen (node:net:2037:7)
2025-08-18T02:55:24:     at file:///Users/mac/Desktop/HS/cms_backend/server.js:84:8
2025-08-18T02:55:24:     at ModuleJob.run (node:internal/modules/esm/module_job:222:25)
2025-08-18T02:55:24:     at async ModuleLoader.import (node:internal/modules/esm/loader:323:24) {
2025-08-18T02:55:24:   code: 'EADDRINUSE',
2025-08-18T02:55:24:   errno: -48,
2025-08-18T02:55:24:   syscall: 'listen',
2025-08-18T02:55:24:   address: '::',
2025-08-18T02:55:24:   port: 5001
2025-08-18T02:55:24: }
2025-08-18T02:55:25: Error: listen EADDRINUSE: address already in use :::5001
2025-08-18T02:55:25:     at Server.setupListenHandle [as _listen2] (node:net:1897:16)
2025-08-18T02:55:25:     at listenInCluster (node:net:1945:12)
2025-08-18T02:55:25:     at Server.listen (node:net:2037:7)
2025-08-18T02:55:25:     at file:///Users/mac/Desktop/HS/cms_backend/server.js:84:8
2025-08-18T02:55:25:     at ModuleJob.run (node:internal/modules/esm/module_job:222:25)
2025-08-18T02:55:25:     at async ModuleLoader.import (node:internal/modules/esm/loader:323:24) {
2025-08-18T02:55:25:   code: 'EADDRINUSE',
2025-08-18T02:55:25:   errno: -48,
2025-08-18T02:55:25:   syscall: 'listen',
2025-08-18T02:55:25:   address: '::',
2025-08-18T02:55:25:   port: 5001
2025-08-18T02:55:25: }
2025-08-18T02:55:25: Error: listen EADDRINUSE: address already in use :::5001
2025-08-18T02:55:25:     at Server.setupListenHandle [as _listen2] (node:net:1897:16)
2025-08-18T02:55:25:     at listenInCluster (node:net:1945:12)
2025-08-18T02:55:25:     at Server.listen (node:net:2037:7)
2025-08-18T02:55:25:     at file:///Users/mac/Desktop/HS/cms_backend/server.js:84:8
2025-08-18T02:55:25:     at ModuleJob.run (node:internal/modules/esm/module_job:222:25)
2025-08-18T02:55:25:     at async ModuleLoader.import (node:internal/modules/esm/loader:323:24) {
2025-08-18T02:55:25:   code: 'EADDRINUSE',
2025-08-18T02:55:25:   errno: -48,
2025-08-18T02:55:25:   syscall: 'listen',
2025-08-18T02:55:25:   address: '::',
2025-08-18T02:55:25:   port: 5001
2025-08-18T02:55:25: }
2025-08-18T02:55:25: Error: listen EADDRINUSE: address already in use :::5001
2025-08-18T02:55:25:     at Server.setupListenHandle [as _listen2] (node:net:1897:16)
2025-08-18T02:55:25:     at listenInCluster (node:net:1945:12)
2025-08-18T02:55:25:     at Server.listen (node:net:2037:7)
2025-08-18T02:55:25:     at file:///Users/mac/Desktop/HS/cms_backend/server.js:84:8
2025-08-18T02:55:25:     at ModuleJob.run (node:internal/modules/esm/module_job:222:25)
2025-08-18T02:55:25:     at async ModuleLoader.import (node:internal/modules/esm/loader:323:24) {
2025-08-18T02:55:25:   code: 'EADDRINUSE',
2025-08-18T02:55:25:   errno: -48,
2025-08-18T02:55:25:   syscall: 'listen',
2025-08-18T02:55:25:   address: '::',
2025-08-18T02:55:25:   port: 5001
2025-08-18T02:55:25: }
